<?xml version="1.0" encoding="UTF-8"?>
<!-- Generated by org.testng.reporters.JUnitReportReporter -->
<testsuite hostname="MacBook-Pro-Bogdan.local" name="automation.DeleteMovieDescription" tests="1" failures="0" timestamp="27 Jan 2015 22:17:07 GMT" time="3.090" errors="0">
  <testcase name="DeleteDescription" time="3.090" classname="automation.DeleteMovieDescription"/>
</testsuite> <!-- automation.DeleteMovieDescription -->
