<?xml version="1.0" encoding="UTF-8"?>
<!-- Generated by org.testng.reporters.JUnitReportReporter -->
<testsuite hostname="MacBook-Pro-Bogdan.local" name="automation.AddMovie" tests="2" failures="0" timestamp="29 Jan 2015 17:17:14 GMT" time="2.347" errors="0">
  <testcase name="addInvalidMovie" time="1.033" classname="automation.AddMovie"/>
  <testcase name="addValidMovie" time="1.314" classname="automation.AddMovie"/>
</testsuite> <!-- automation.AddMovie -->
