<?xml version="1.0" encoding="UTF-8"?>
<!-- Generated by org.testng.reporters.JUnitReportReporter -->
<testsuite hostname="MacBook-Pro-Bogdan.local" name="automation.LoginTest" tests="1" failures="0" timestamp="17 Jan 2015 19:45:48 GMT" time="0.694" errors="0">
  <testcase name="testUntitled" time="0.694" classname="automation.LoginTest"/>
</testsuite> <!-- automation.LoginTest -->
