<?xml version="1.0" encoding="UTF-8"?>
<!-- Generated by org.testng.reporters.JUnitReportReporter -->
<testsuite hostname="MacBook-Pro-Bogdan.local" name="automation.AddMovie" tests="2" failures="0" timestamp="27 Jan 2015 22:01:52 GMT" time="2.138" errors="0">
  <testcase name="addValidMovie" time="1.194" classname="automation.AddMovie"/>
  <testcase name="addInvalidMovie" time="0.944" classname="automation.AddMovie"/>
</testsuite> <!-- automation.AddMovie -->
