<?xml version="1.0" encoding="UTF-8"?>
<!-- Generated by org.testng.reporters.JUnitReportReporter -->
<testsuite hostname="MacBook-Pro-Bogdan.local" name="automation.LoginTest" tests="1" failures="0" timestamp="18 Jan 2015 20:00:21 GMT" time="0.654" errors="0">
  <testcase name="login" time="0.654" classname="automation.LoginTest"/>
</testsuite> <!-- automation.LoginTest -->
